   _______  _______ _________ _        _______ 
  (  ____ \(       )\__   __/( (    /|(  ___  )
  | (    \/| () () |   ) (   |  \  ( || (   ) |
  | (_____ | || || |   | |   |   \ | || (___) |
  (_____  )| |(_)| |   | |   | (\ \) ||  ___  |
        ) || |   | |   | |   | | \   || (   ) |
  /\____) || )   ( |___) (___| )  \  || )   ( |
  \_______)|/     \|\_______/|/    )_)|/     \|


smina is based off AutoDock Vina. Please cite appropriately.

Weights      Terms
-0.035579    gauss(o=0,_w=0.5,_c=8)
-0.005156    gauss(o=3,_w=2,_c=8)
0.840245     repulsion(o=0,_c=8)
-0.035069    hydrophobic(g=0.5,_b=1.5,_c=8)
-0.587439    non_dir_h_bond(g=-0.7,_b=0,_c=8)
1.923        num_tors_div

Affinity: -5.97664  -0.42922 (kcal/mol)
RMSD: 0.94692
Refine time 0.02539
Affinity: 8.31374  1.05706 (kcal/mol)
RMSD: 0.81200
Refine time 0.00182
Affinity: -0.07111  -0.46363 (kcal/mol)
RMSD: 1.34380
Refine time 0.00682
Affinity: -5.52371  -0.28355 (kcal/mol)
RMSD: 2.36100
Refine time 0.03784
Affinity: -5.33136  -0.09617 (kcal/mol)
RMSD: 3.31390
Refine time 0.00673
Affinity: -6.64178  -0.44687 (kcal/mol)
RMSD: 6.45101
Refine time 0.02966
Affinity: -5.71039  -0.21533 (kcal/mol)
RMSD: 1.16543
Refine time 0.00664
Affinity: -6.00588  -0.33141 (kcal/mol)
RMSD: 2.61930
Refine time 0.05032
Affinity: 8.60954  0.14512 (kcal/mol)
RMSD: 0.99929
Refine time 0.00121
Affinity: -5.61986  -0.37840 (kcal/mol)
RMSD: 2.27835
Refine time 0.01667
Affinity: -5.83819  -0.46583 (kcal/mol)
RMSD: 2.21684
Refine time 0.00641
Affinity: -5.26655  -0.78067 (kcal/mol)
RMSD: 4.10366
Refine time 0.08092
Affinity: -5.48651  -0.45479 (kcal/mol)
RMSD: 5.63433
Refine time 0.03919
Affinity: -5.09564  -0.28035 (kcal/mol)
RMSD: 1.29452
Refine time 0.00759
Affinity: -5.74657  -0.00393 (kcal/mol)
RMSD: 2.31200
Refine time 0.03224
Affinity: -5.22347  1.14260 (kcal/mol)
RMSD: 3.26475
Refine time 0.07066
Affinity: 7.29343  -0.11575 (kcal/mol)
RMSD: 1.41504
Refine time 0.00138
Affinity: -6.29610  -0.79524 (kcal/mol)
RMSD: 1.54253
Refine time 0.01271
Affinity: -3.68918  0.17668 (kcal/mol)
RMSD: 1.83348
Refine time 0.00544
Affinity: -6.24476  -0.42466 (kcal/mol)
RMSD: 0.97217
Refine time 0.00586
Affinity: -1.76290  1.42621 (kcal/mol)
RMSD: 3.58546
Refine time 0.03982
Affinity: -5.44178  -0.04222 (kcal/mol)
RMSD: 1.95851
Refine time 0.09106
Affinity: 16.81373  0.09879 (kcal/mol)
RMSD: 0.65933
Refine time 0.00135
Affinity: 16.67645  0.04644 (kcal/mol)
RMSD: 0.71548
Refine time 0.00137
Affinity: -6.22389  -0.55342 (kcal/mol)
RMSD: 1.90321
Refine time 0.00749
Affinity: -5.78314  -0.11976 (kcal/mol)
RMSD: 3.33145
Refine time 0.03930
Affinity: -3.74521  -0.05307 (kcal/mol)
RMSD: 3.85582
Refine time 0.04176
Affinity: -5.75312  -0.44907 (kcal/mol)
RMSD: 1.29676
Refine time 0.00738
Affinity: -6.02274  -0.48123 (kcal/mol)
RMSD: 0.92352
Refine time 0.00745
Affinity: 0.53560  0.60618 (kcal/mol)
RMSD: 1.72834
Refine time 0.00124
Loop time 0.72742
   _______  _______ _________ _        _______ 
  (  ____ \(       )\__   __/( (    /|(  ___  )
  | (    \/| () () |   ) (   |  \  ( || (   ) |
  | (_____ | || || |   | |   |   \ | || (___) |
  (_____  )| |(_)| |   | |   | (\ \) ||  ___  |
        ) || |   | |   | |   | | \   || (   ) |
  /\____) || )   ( |___) (___| )  \  || )   ( |
  \_______)|/     \|\_______/|/    )_)|/     \|


smina is based off AutoDock Vina. Please cite appropriately.

Weights      Terms
-0.035579    gauss(o=0,_w=0.5,_c=8)
-0.005156    gauss(o=3,_w=2,_c=8)
0.840245     repulsion(o=0,_c=8)
-0.035069    hydrophobic(g=0.5,_b=1.5,_c=8)
-0.587439    non_dir_h_bond(g=-0.7,_b=0,_c=8)
1.923        num_tors_div

Affinity: -5.97664  -0.42922 (kcal/mol)
RMSD: 0.94692
Refine time 0.02342
Affinity: 8.31374  1.05706 (kcal/mol)
RMSD: 0.81200
Refine time 0.00181
Affinity: -0.07111  -0.46363 (kcal/mol)
RMSD: 1.34380
Refine time 0.00695
Affinity: -5.52371  -0.28355 (kcal/mol)
RMSD: 2.36100
Refine time 0.03816
Affinity: -5.33136  -0.09617 (kcal/mol)
RMSD: 3.31390
Refine time 0.00659
Affinity: -6.64178  -0.44687 (kcal/mol)
RMSD: 6.45101
Refine time 0.03011
Affinity: -5.71039  -0.21533 (kcal/mol)
RMSD: 1.16543
Refine time 0.00695
Affinity: -6.00588  -0.33141 (kcal/mol)
RMSD: 2.61930
Refine time 0.05132
Affinity: 8.60954  0.14512 (kcal/mol)
RMSD: 0.99929
Refine time 0.00132
Affinity: -5.61986  -0.37840 (kcal/mol)
RMSD: 2.27835
Refine time 0.01684
Affinity: -5.83819  -0.46583 (kcal/mol)
RMSD: 2.21684
Refine time 0.00622
Affinity: -5.26655  -0.78067 (kcal/mol)
RMSD: 4.10366
Refine time 0.07651
Affinity: -5.48651  -0.45479 (kcal/mol)
RMSD: 5.63433
Refine time 0.04004
Affinity: -5.09564  -0.28035 (kcal/mol)
RMSD: 1.29452
Refine time 0.00777
Affinity: -5.74657  -0.00393 (kcal/mol)
RMSD: 2.31200
Refine time 0.03165
Affinity: -5.22347  1.14260 (kcal/mol)
RMSD: 3.26475
Refine time 0.06936
Affinity: 7.29343  -0.11575 (kcal/mol)
RMSD: 1.41504
Refine time 0.00164
Affinity: -6.29610  -0.79524 (kcal/mol)
RMSD: 1.54253
Refine time 0.01250
Affinity: -3.68918  0.17668 (kcal/mol)
RMSD: 1.83348
Refine time 0.00548
Affinity: -6.24476  -0.42466 (kcal/mol)
RMSD: 0.97217
Refine time 0.00588
Affinity: -1.76290  1.42621 (kcal/mol)
RMSD: 3.58546
Refine time 0.03986
Affinity: -5.44178  -0.04222 (kcal/mol)
RMSD: 1.95851
Refine time 0.09029
Affinity: 16.81373  0.09879 (kcal/mol)
RMSD: 0.65933
Refine time 0.00127
Affinity: 16.67645  0.04644 (kcal/mol)
RMSD: 0.71548
Refine time 0.00121
Affinity: -6.22389  -0.55342 (kcal/mol)
RMSD: 1.90321
Refine time 0.00750
Affinity: -5.78314  -0.11976 (kcal/mol)
RMSD: 3.33145
Refine time 0.03899
Affinity: -3.74521  -0.05307 (kcal/mol)
RMSD: 3.85582
Refine time 0.04098
Affinity: -5.75312  -0.44907 (kcal/mol)
RMSD: 1.29676
Refine time 0.00701
Affinity: -6.02274  -0.48123 (kcal/mol)
RMSD: 0.92352
Refine time 0.00765
Affinity: 0.53560  0.60618 (kcal/mol)
RMSD: 1.72834
Refine time 0.00126
Loop time 0.71432
   _______  _______ _________ _        _______ 
  (  ____ \(       )\__   __/( (    /|(  ___  )
  | (    \/| () () |   ) (   |  \  ( || (   ) |
  | (_____ | || || |   | |   |   \ | || (___) |
  (_____  )| |(_)| |   | |   | (\ \) ||  ___  |
        ) || |   | |   | |   | | \   || (   ) |
  /\____) || )   ( |___) (___| )  \  || )   ( |
  \_______)|/     \|\_______/|/    )_)|/     \|


smina is based off AutoDock Vina. Please cite appropriately.

Weights      Terms
-0.035579    gauss(o=0,_w=0.5,_c=8)
-0.005156    gauss(o=3,_w=2,_c=8)
0.840245     repulsion(o=0,_c=8)
-0.035069    hydrophobic(g=0.5,_b=1.5,_c=8)
-0.587439    non_dir_h_bond(g=-0.7,_b=0,_c=8)
1.923        num_tors_div

Affinity: -5.97664  -0.42922 (kcal/mol)
RMSD: 0.94692
Refine time 0.02238
Affinity: 8.31374  1.05706 (kcal/mol)
RMSD: 0.81200
Refine time 0.00193
Affinity: -0.07111  -0.46363 (kcal/mol)
RMSD: 1.34380
Refine time 0.00686
Affinity: -5.52371  -0.28355 (kcal/mol)
RMSD: 2.36100
Refine time 0.03814
Affinity: -5.33136  -0.09617 (kcal/mol)
RMSD: 3.31390
Refine time 0.00656
Affinity: -6.64178  -0.44687 (kcal/mol)
RMSD: 6.45101
Refine time 0.02970
Affinity: -5.71039  -0.21533 (kcal/mol)
RMSD: 1.16543
Refine time 0.00688
Affinity: -6.00588  -0.33141 (kcal/mol)
RMSD: 2.61930
Refine time 0.04938
Affinity: 8.60954  0.14512 (kcal/mol)
RMSD: 0.99929
Refine time 0.00140
Affinity: -5.61986  -0.37840 (kcal/mol)
RMSD: 2.27835
Refine time 0.01659
Affinity: -5.83819  -0.46583 (kcal/mol)
RMSD: 2.21684
Refine time 0.00603
Affinity: -5.26655  -0.78067 (kcal/mol)
RMSD: 4.10366
Refine time 0.07458
Affinity: -5.48651  -0.45479 (kcal/mol)
RMSD: 5.63433
Refine time 0.03918
Affinity: -5.09564  -0.28035 (kcal/mol)
RMSD: 1.29452
Refine time 0.00747
Affinity: -5.74657  -0.00393 (kcal/mol)
RMSD: 2.31200
Refine time 0.03130
Affinity: -5.22347  1.14260 (kcal/mol)
RMSD: 3.26475
Refine time 0.06969
Affinity: 7.29343  -0.11575 (kcal/mol)
RMSD: 1.41504
Refine time 0.00134
Affinity: -6.29610  -0.79524 (kcal/mol)
RMSD: 1.54253
Refine time 0.01307
Affinity: -3.68918  0.17668 (kcal/mol)
RMSD: 1.83348
Refine time 0.00541
Affinity: -6.24476  -0.42466 (kcal/mol)
RMSD: 0.97217
Refine time 0.00622
Affinity: -1.76290  1.42621 (kcal/mol)
RMSD: 3.58546
Refine time 0.03956
Affinity: -5.44178  -0.04222 (kcal/mol)
RMSD: 1.95851
Refine time 0.09150
Affinity: 16.81373  0.09879 (kcal/mol)
RMSD: 0.65933
Refine time 0.00154
Affinity: 16.67645  0.04644 (kcal/mol)
RMSD: 0.71548
Refine time 0.00141
Affinity: -6.22389  -0.55342 (kcal/mol)
RMSD: 1.90321
Refine time 0.00748
Affinity: -5.78314  -0.11976 (kcal/mol)
RMSD: 3.33145
Refine time 0.03828
Affinity: -3.74521  -0.05307 (kcal/mol)
RMSD: 3.85582
Refine time 0.04039
Affinity: -5.75312  -0.44907 (kcal/mol)
RMSD: 1.29676
Refine time 0.00697
Affinity: -6.02274  -0.48123 (kcal/mol)
RMSD: 0.92352
Refine time 0.00757
Affinity: 0.53560  0.60618 (kcal/mol)
RMSD: 1.72834
Refine time 0.00122
Loop time 0.71028
